host: fedora
Building DAG of jobs...
Using shell: /usr/bin/bash
Provided cores: 1 (use --cores to define parallelism)
Rules claiming more threads will be scaled down.
Job stats:
job                      count
---------------------  -------
all                          1
generate_slurm_script        1
total                        2

Select jobs to execute...
Execute 1 jobs...

[Tue Dec 10 12:20:31 2024]
localrule generate_slurm_script:
    output: test_tdhf.slurm
    jobid: 1
    reason: Missing output files: test_tdhf.slurm
    resources: tmpdir=/tmp

[Tue Dec 10 12:20:31 2024]
Finished job 1.
1 of 2 steps (50%) done
Select jobs to execute...
Execute 1 jobs...

[Tue Dec 10 12:20:31 2024]
localrule all:
    input: test_tdhf.slurm
    jobid: 0
    reason: Input files updated by another job: test_tdhf.slurm
    resources: tmpdir=/tmp

[Tue Dec 10 12:20:31 2024]
Finished job 0.
2 of 2 steps (100%) done
Complete log: .snakemake/log/2024-12-10T122031.256521.snakemake.log
