host: fedora
Building DAG of jobs...
Using shell: /usr/bin/bash
Provided cores: 1 (use --cores to define parallelism)
Rules claiming more threads will be scaled down.
Job stats:
job                      count
---------------------  -------
all                          1
generate_slurm_script        1
total                        2

Select jobs to execute...
Execute 1 jobs...

[Tue Dec 10 13:12:46 2024]
localrule generate_slurm_script:
    output: test_tdhf.slurm
    jobid: 1
    reason: Missing output files: test_tdhf.slurm
    resources: tmpdir=/tmp

[Tue Dec 10 13:12:47 2024]
Error in rule generate_slurm_script:
    jobid: 1
    output: test_tdhf.slurm

Shutting down, this might take some time.
Exiting because a job execution failed. Look above for error message
Complete log: .snakemake/log/2024-12-10T131246.787996.snakemake.log
WorkflowError:
At least one job did not complete successfully.
