host: fedora
Building DAG of jobs...
Using shell: /usr/bin/bash
Provided cores: 1 (use --cores to define parallelism)
Rules claiming more threads will be scaled down.
Job stats:
job                      count
---------------------  -------
all                          1
compile_fortran              1
generate_slurm_script        1
total                        3

Select jobs to execute...
Execute 1 jobs...

[Mon Dec  9 19:41:10 2024]
localrule compile_fortran:
    input: src/main.f90
    output: hello_world
    jobid: 2
    reason: Missing output files: hello_world
    resources: tmpdir=/tmp

[Mon Dec  9 19:41:10 2024]
Finished job 2.
1 of 3 steps (33%) done
Select jobs to execute...
Execute 1 jobs...

[Mon Dec  9 19:41:10 2024]
localrule generate_slurm_script:
    input: hello_world
    output: run_routine.slurm
    jobid: 1
    reason: Missing output files: run_routine.slurm; Input files updated by another job: hello_world
    resources: tmpdir=/tmp

[Mon Dec  9 19:41:10 2024]
Finished job 1.
2 of 3 steps (67%) done
Select jobs to execute...
Execute 1 jobs...

[Mon Dec  9 19:41:10 2024]
localrule all:
    input: run_routine.slurm
    jobid: 0
    reason: Input files updated by another job: run_routine.slurm
    resources: tmpdir=/tmp

[Mon Dec  9 19:41:10 2024]
Finished job 0.
3 of 3 steps (100%) done
Complete log: .snakemake/log/2024-12-09T194110.000840.snakemake.log
