host: fedora
Building DAG of jobs...
Using shell: /usr/bin/bash
Provided cores: 1 (use --cores to define parallelism)
Rules claiming more threads will be scaled down.
Job stats:
job                count
---------------  -------
all                    1
compile_fortran        1
total                  2

Select jobs to execute...
Execute 1 jobs...

[Mon Dec  9 19:03:24 2024]
localrule compile_fortran:
    input: src/main.f90
    output: src/test
    jobid: 1
    reason: Missing output files: src/test
    resources: tmpdir=/tmp

[Mon Dec  9 19:03:24 2024]
Finished job 1.
1 of 2 steps (50%) done
Select jobs to execute...
Execute 1 jobs...

[Mon Dec  9 19:03:24 2024]
localrule all:
    input: src/test
    jobid: 0
    reason: Input files updated by another job: src/test
    resources: tmpdir=/tmp

[Mon Dec  9 19:03:24 2024]
Finished job 0.
2 of 2 steps (100%) done
Complete log: .snakemake/log/2024-12-09T190324.627714.snakemake.log
