host: fedora
Building DAG of jobs...
Using shell: /usr/bin/bash
Provided cores: 4
Rules claiming more threads will be scaled down.
Job stats:
job                      count
---------------------  -------
generate_slurm_script        1
total                        1

Select jobs to execute...
Execute 1 jobs...

[Thu Dec 12 14:02:08 2024]
localrule generate_slurm_script:
    output: test_tdhf_A_48_Z_20_['SLy4dL'].slurm
    jobid: 0
    reason: Forced execution
    resources: tmpdir=/tmp

[Thu Dec 12 14:02:09 2024]
Finished job 0.
1 of 1 steps (100%) done
Complete log: .snakemake/log/2024-12-12T140208.986090.snakemake.log
